N	Method Ping for Host 10.217.28.5 took 9.878187763s to complete without errors.
N	Method consume took 5.883359ms to complete without errors.
N	Method set_result_command for thing_id 59f3a8c5-a405-47a4-a2e0-e39909deac69 took: 9.693563ms to complete without errors.
N	eneltecService, 2024-04-06 22:05:00.001207841 +0000 UTC m=+215109.357677418 executing
N	Method issue for the key with expiration date 2024-04-07 08:05:00.098298372 +0000 UTC took 133.704µs to complete without errors.
Y	Method login for user admin@revetec.it took 92.747514ms to complete without errors.
Y	Method create_token for user: admin@revetec.it took: 97.468142ms to complete without errors
Y	eneltecService, login success: eyJhbGciOiJIUzI1NiIsInR5cCI6IkpXVCJ9.eyJleHAiOjE3MTI0NzcxMDAsImlhdCI6MTcxMjQ0MTEwMCwiaXNzIjoibWFpbmZsdXguYXV0aCIsInN1YiI6ImFkbWluQHJldmV0ZWMuaXQiLCJpc3N1ZXJfaWQiOiI2MzNmZWRiYS1hOGE4LTRhOWUtOTU1MC0xODNlN2Y2YjBmMjkiLCJ0eXBlIjowfQ._fdS_wKnl9ARlFYc6KwbMCYSMgj0sbwcQzEZSYzttcI
N	eneltecService, esamino city {Id:50 Name:Test-City Cabinets:[{Id:237 Name:Muni. Test Lamps:[] Location:{Latitude: Longitude:} PowerMeter:{Timestamp:0001-01-01 00:00:00 +0000 UTC Type: V1:0 V2:0 V3:0 I1:0 I2:0 I3:0 PFactor1:0 PFactor2:0 PFactor3:0 Power:0 Consumed:0} Inputs:[] Outputs:[]}]}
N	Method identify took 85.702µs to complete without errors.
Y	Method list_cities for user admin@revetec.it and filters: {\"Search\":\"\",\"ID\":\"\",\"Type\":\"\",\"Label\":\"\",\"Description\":\"\",\"Username\":\"\",\"District\":\"\",\"Brand\":\"\",\"Model\":\"\",\"Support_type\":\"\",\"Node_serialnumber\":\"\",\"Ip_address\":\"\",\"Port\":\"\",\"Reverberi_plant_code\":\"\",\"Sensor_type\":\"\",\"Serialnumber\":\"\",\"Registration_number\":\"\",\"Meter_registration_number\":\"\",\"Pod\":\"\",\"Group_type\":\"\",\"CityID\":\"\",\"ProfileID\":\"\",\"GatewayID\":\"\",\"SwitchboardID\":\"\",\"LampID\":\"\",\"GroupID\":\"\",\"ThingID\":\"\",\"ThingType\":\"\",\"EntityID\":\"\",\"Entity\":\"\",\"Deleted\":\"\",\"Channel_code\":\"\",\"Channel_code_bit\":\"\",\"Alarm_code\":\"\",\"TemplateName\":\"\",\"State\":\"\",\"Field\":\"\",\"Order\":\"\",\"Offset\":0,\"Limit\":2,\"Zoom\":0,\"ZoomScale\":0,\"EnableCluster\":false,\"EnableLegend\":false,\"MapBounding\":{\"Point1\":{\"Latitude\":0,\"Longitude\":0},\"Point2\":{\"Latitude\":0,\"Longitude\":0}},\"PolylineFilter\":null,\"Layers\":null} took: 4.201514ms to complete without errors.
Y	elenco cities [{ID:77c4ad76-9add-4b9f-9ca1-39d72c595534 Label:Test-City Description: Town: District: Region: State: Contract_start_date: Contract_end_date: Reverberi_usercode:0000 Timezone:Israel Language:it Latitude:32.284091876570436 Longitude:34.86352443695069 Metadata:map[id:50 name:Test-City src:eneltecService] Channel:map[channel:dd5024c6-dcfd-43ef-a84c-445837083271]}]
N	Method identify took 54.401µs to complete without errors.
Y	Method update_city for user: admin@revetec.it and city: {\"ID\":\"77c4ad76-9add-4b9f-9ca1-39d72c595534\",\"Label\":\"Test-City\",\"Description\":\"\",\"Town\":\"\",\"District\":\"\",\"Region\":\"\",\"State\":\"\",\"Contract_start_date\":\"\",\"Contract_end_date\":\"\",\"Reverberi_usercode\":\"0000\",\"Service\":\"\",\"Timezone\":\"Israel\",\"Language\":\"\",\"Latitude\":32.284091876570436,\"Longitude\":34.86352443695069,\"Metadata\":{\"id\":50,\"name\":\"Test-City\",\"src\":\"eneltecService\"},\"Channel\":null} took: 16.552648ms to complete without errors.
Y	eneltecService, updateCity {ID:77c4ad76-9add-4b9f-9ca1-39d72c595534 Label:Test-City Description: Town: District: Region: State: Contract_start_date: Contract_end_date: Reverberi_usercode:0000 Timezone:Israel Language:it Latitude:32.284091876570436 Longitude:34.86352443695069 Metadata:map[id:50 name:Test-City src:eneltecService] Channel:map[channel:dd5024c6-dcfd-43ef-a84c-445837083271]}
N	city cabinets [{Id:237 Name:Muni. Test Lamps:[] Location:{Latitude: Longitude:} PowerMeter:{Timestamp:0001-01-01 00:00:00 +0000 UTC Type: V1:0 V2:0 V3:0 I1:0 I2:0 I3:0 PFactor1:0 PFactor2:0 PFactor3:0 Power:0 Consumed:0} Inputs:[] Outputs:[]}]
Y	eneltecService, esamino cabinet {Id:237 Name:Muni. Test Lamps:[] Location:{Latitude: Longitude:} PowerMeter:{Timestamp:0001-01-01 00:00:00 +0000 UTC Type: V1:0 V2:0 V3:0 I1:0 I2:0 I3:0 PFactor1:0 PFactor2:0 PFactor3:0 Power:0 Consumed:0} Inputs:[] Outputs:[]}
N	Method identify took 82.002µs to complete without errors.
Y	Method list_switchboard for user: admin@revetec.it, city_id: 77c4ad76-9add-4b9f-9ca1-39d72c595534 and filters: {\"Search\":\"\",\"ID\":\"\",\"Type\":\"\",\"Label\":\"\",\"Description\":\"\",\"Username\":\"\",\"District\":\"\",\"Brand\":\"\",\"Model\":\"\",\"Support_type\":\"\",\"Node_serialnumber\":\"\",\"Ip_address\":\"\",\"Port\":\"\",\"Reverberi_plant_code\":\"\",\"Sensor_type\":\"\",\"Serialnumber\":\"\",\"Registration_number\":\"\",\"Meter_registration_number\":\"\",\"Pod\":\"\",\"Group_type\":\"\",\"CityID\":\"\",\"ProfileID\":\"\",\"GatewayID\":\"\",\"SwitchboardID\":\"\",\"LampID\":\"\",\"GroupID\":\"\",\"ThingID\":\"\",\"ThingType\":\"\",\"EntityID\":\"\",\"Entity\":\"\",\"Deleted\":\"\",\"Channel_code\":\"\",\"Channel_code_bit\":\"\",\"Alarm_code\":\"\",\"TemplateName\":\"\",\"State\":\"\",\"Field\":\"\",\"Order\":\"\",\"Offset\":0,\"Limit\":2,\"Zoom\":0,\"ZoomScale\":0,\"EnableCluster\":false,\"EnableLegend\":false,\"MapBounding\":{\"Point1\":{\"Latitude\":0,\"Longitude\":0},\"Point2\":{\"Latitude\":0,\"Longitude\":0}},\"PolylineFilter\":null,\"Layers\":null} took: 4.43422ms to complete without errors.
Y	eneltecService, city Test-City cabinet {Id:237 Name:Muni. Test Lamps:[{Timestamp:0001-01-01 00:00:00 +0000 UTC ModulatorId:1 Id:4 Name:pool 1 DimmingLevel:7 State:1 Location:{Latitude:32.28033266 Longitude:34.86125095}} {Timestamp:0001-01-01 00:00:00 +0000 UTC ModulatorId:1 Id:220 Name:pool 2 DimmingLevel:0 State:4 Location:{Latitude:32.28030488 Longitude:34.86139647}} {Timestamp:0001-01-01 00:00:00 +0000 UTC ModulatorId:2 Id:74 Name:pool 3 DimmingLevel:0 State:4 Location:{Latitude:32.2802788 Longitude:34.86151113}} {Timestamp:0001-01-01 00:00:00 +0000 UTC ModulatorId:2 Id:75 Name:pool 4 DimmingLevel:0 State:4 Location:{Latitude:32.28025952 Longitude:34.86161171}} {Timestamp:0001-01-01 00:00:00 +0000 UTC ModulatorId:2 Id:3 Name:pool 5 DimmingLevel:7 State:1 Location:{Latitude:32.28024422 Longitude:34.8617076}} {Timestamp:0001-01-01 00:00:00 +0000 UTC ModulatorId:3 Id:5 Name:pool 6 DimmingLevel:7 State:1 Location:{Latitude:32.28021871 Longitude:34.86181153}} {Timestamp:0001-01-01 00:00:00 +0000 UTC ModulatorId:3 Id:64 Name:pool 7 DimmingLevel:1 State:1 Location:{Latitude:32.2801932 Longitude:34.86192151}} {Timestamp:0001-01-01 00:00:00 +0000 UTC ModulatorId:3 Id:63 Name:pool 8 DimmingLevel:1 State:1 Location:{Latitude:32.28016429 Longitude:34.86205293}}] Location:{Latitude:32.28033606 Longitude:34.86169620} PowerMeter:{Timestamp:2024-04-06 22:05:01.928046872 +0000 UTC Type:satec V1:237.6999969 V2:237.6000061 V3:237.5 I1:0.2899999917 I2:0.2899999917 I3:0.3000000119 PFactor1:-0.6649999619 PFactor2:-0.6649999619 PFactor3:-0.6679999828 Power:132 Consumed:808} Inputs:[{Id:0} {Id:1} {Id:2} {Id:3} {Id:4} {Id:5} {Id:1200} {Id:1201} {Id:1202} {Id:1203} {Id:1204} {Id:1205} {Id:1206} {Id:1207}] Outputs:[{Id:1 Description: State:1} {Id:2 Description: State:0} {Id:1225 Description:DO #0 of remote IO #12 State:0} {Id:1226 Description:DO #1 of remote IO #12 State:0} {Id:1227 Description:DO #2 of remote IO #12 State:0}]}
N	Method identify took 53.902µs to complete without errors.
Y	Method update_switchboard for user: admin@revetec.it and switchboards: {\"ID\":\"2a2280db-c3c2-455b-9d96-7a07a55dc95c\",\"CityID\":\"77c4ad76-9add-4b9f-9ca1-39d72c595534\",\"NetworkpointID\":\"\",\"Label\":\"Muni. Test\",\"Description\":\"\",\"Registration_number\":\"\",\"Link_type\":\"\",\"Supplier\":\"\",\"Pod\":\"\",\"Meter_registration_number\":\"\",\"Remote_management_module\":\"\",\"Reverberi_emulation_password\":\"\",\"Node_serialnumber\":\"\",\"Reverberi_plant_code\":\"\",\"Contractual_power\":0,\"Nominal_power\":0,\"Latitude\":32.28033606,\"Longitude\":34.8616962,\"Network_node\":0,\"Installation_date\":\"\",\"Regulator\":false,\"NetworkpointLabel\":\"\",\"NetworkpointDescription\":\"\",\"Switchboard_parent_id\":\"\",\"Switchboard_parent_label\":\"\",\"Switchboard_parent_description\":\"\",\"Thing\":null,\"Metadata\":{\"id\":237,\"name\":\"Muni. Test\",\"outputs\":[{\"id\":1,\"state\":1},{\"id\":2},{\"description\":\"DO #0 of remote IO #12\",\"id\":1225},{\"description\":\"DO #1 of remote IO #12\",\"id\":1226},{\"description\":\"DO #2 of remote IO #12\",\"id\":1227}],\"src\":\"eneltecService\"}} took: 13.580068ms to complete without errors.
Y	eneltecService, updateBoard {ID:2a2280db-c3c2-455b-9d96-7a07a55dc95c CityID:77c4ad76-9add-4b9f-9ca1-39d72c595534 NetworkpointID: Label:Muni. Test Description: Registration_number: Link_type: Supplier: Pod: Meter_registration_number: Remote_management_module: Reverberi_emulation_password: Node_serialnumber: Reverberi_plant_code: Contractual_power:0 Nominal_power:0 Latitude:32.28033606 Longitude:34.8616962 Network_node:0 Installation_date: Regulator:false NetworkpointRel:{NetworkpointLabel: NetworkpointDescription:} SwitchboardParentRel:{Switchboard_parent_id: Switchboard_parent_label: Switchboard_parent_description:} Thing:map[channel_1:9d895d89-e261-42ee-ac7e-28bf05784c29 channel_1_name:c1 channel_2:dd5024c6-dcfd-43ef-a84c-445837083271 channel_2_name:c_Switchboard_Test-City_Muni. Test thing_id:72500d6e-de05-4083-af12-ace1450742d9 thing_key:59fb7a7b-7fc7-4a74-a7b8-c06942e12ef8 thing_name:Switchboard_Test-City_Muni. Test] Metadata:map[id:237 name:Muni. Test outputs:[{Id:1 Description: State:1} {Id:2 Description: State:0} {Id:1225 Description:DO #0 of remote IO #12 State:0} {Id:1226 Description:DO #1 of remote IO #12 State:0} {Id:1227 Description:DO #2 of remote IO #12 State:0}] src:eneltecService]}
N	eneltecService, publishing switchboard [{\"n\":\"cosfi_3\",\"t\":1712441101,\"v\":-0.6679999828},{\"n\":\"active_power_1\",\"u\":\"kW\",\"t\":1712441101,\"v\":45.84044046383268},{\"n\":\"active_power_3\",\"u\":\"kW\",\"t\":1712441101,\"v\":47.59500066243494},{\"n\":\"active_power_three_phase\",\"u\":\"kW\",\"t\":1712441101,\"v\":132},{\"n\":\"downstream_voltage_1\",\"u\":\"V\",\"t\":1712441101,\"v\":237.6999969},{\"n\":\"current_2\",\"u\":\"A\",\"t\":1712441101,\"v\":0.2899999917},{\"n\":\"current_3\",\"u\":\"A\",\"t\":1712441101,\"v\":0.3000000119},{\"n\":\"cosfi_1\",\"t\":1712441101,\"v\":-0.6649999619},{\"n\":\"downstream_voltage_2\",\"u\":\"V\",\"t\":1712441101,\"v\":237.6000061},{\"n\":\"current_1\",\"u\":\"A\",\"t\":1712441101,\"v\":0.2899999917},{\"n\":\"active_power_2\",\"u\":\"kW\",\"t\":1712441101,\"v\":45.82115723970937},{\"n\":\"total_energy_1\",\"u\":\"kWh\",\"t\":1712441101,\"v\":808},{\"n\":\"downstream_voltage_3\",\"u\":\"V\",\"t\":1712441101,\"v\":237.5},{\"n\":\"cosfi_2\",\"t\":1712441101,\"v\":-0.6649999619}]
N	Method identify took 70.702µs to complete without errors.
N	SetMeasures success {72500d6e-de05-4083-af12-ace1450742d9 2024-04-06 22:05:01 +0000 UTC cosfi_3 -0.6679999828}
N	SetMeasures success {72500d6e-de05-4083-af12-ace1450742d9 2024-04-06 22:05:01 +0000 UTC active_power_1 45.84044046383268}
N	SetMeasures success {72500d6e-de05-4083-af12-ace1450742d9 2024-04-06 22:05:01 +0000 UTC active_power_3 47.59500066243494}
N	SetMeasures success {72500d6e-de05-4083-af12-ace1450742d9 2024-04-06 22:05:01 +0000 UTC active_power_three_phase 132}
Y	Method list_lamps for user: admin@revetec.it, city_id 77c4ad76-9add-4b9f-9ca1-39d72c595534 and filters: {\"Search\":\"\",\"ID\":\"\",\"Type\":\"\",\"Label\":\"\",\"Description\":\"\",\"Username\":\"\",\"District\":\"\",\"Brand\":\"\",\"Model\":\"\",\"Support_type\":\"\",\"Node_serialnumber\":\"\",\"Ip_address\":\"\",\"Port\":\"\",\"Reverberi_plant_code\":\"\",\"Sensor_type\":\"\",\"Serialnumber\":\"\",\"Registration_number\":\"\",\"Meter_registration_number\":\"\",\"Pod\":\"\",\"Group_type\":\"\",\"CityID\":\"\",\"ProfileID\":\"\",\"GatewayID\":\"\",\"SwitchboardID\":\"\",\"LampID\":\"\",\"GroupID\":\"\",\"ThingID\":\"\",\"ThingType\":\"\",\"EntityID\":\"\",\"Entity\":\"\",\"Deleted\":\"\",\"Channel_code\":\"\",\"Channel_code_bit\":\"\",\"Alarm_code\":\"\",\"TemplateName\":\"\",\"State\":\"\",\"Field\":\"\",\"Order\":\"\",\"Offset\":0,\"Limit\":2,\"Zoom\":0,\"ZoomScale\":0,\"EnableCluster\":false,\"EnableLegend\":false,\"MapBounding\":{\"Point1\":{\"Latitude\":0,\"Longitude\":0},\"Point2\":{\"Latitude\":0,\"Longitude\":0}},\"PolylineFilter\":null,\"Layers\":null} took: 6.676981ms to complete without errors.
N	SetMeasures success {72500d6e-de05-4083-af12-ace1450742d9 2024-04-06 22:05:01 +0000 UTC downstream_voltage_1 237.6999969}
N	SetMeasures success {72500d6e-de05-4083-af12-ace1450742d9 2024-04-06 22:05:01 +0000 UTC current_2 0.2899999917}
N	Method identify took 70.102µs to complete without errors.
N	SetMeasures success {72500d6e-de05-4083-af12-ace1450742d9 2024-04-06 22:05:01 +0000 UTC current_3 0.3000000119}
N	Method consume took 9.485957ms to complete without errors.
N	SetMeasures success {72500d6e-de05-4083-af12-ace1450742d9 2024-04-06 22:05:01 +0000 UTC cosfi_1 -0.6649999619}
N	SetMeasures success {72500d6e-de05-4083-af12-ace1450742d9 2024-04-06 22:05:01 +0000 UTC downstream_voltage_2 237.6000061}
N	SetMeasures success {72500d6e-de05-4083-af12-ace1450742d9 2024-04-06 22:05:01 +0000 UTC current_1 0.2899999917}
N	SetMeasures success {72500d6e-de05-4083-af12-ace1450742d9 2024-04-06 22:05:01 +0000 UTC active_power_2 45.82115723970937}
N	SetMeasures success {72500d6e-de05-4083-af12-ace1450742d9 2024-04-06 22:05:01 +0000 UTC total_energy_1 808}
N	SetMeasures success {72500d6e-de05-4083-af12-ace1450742d9 2024-04-06 22:05:01 +0000 UTC downstream_voltage_3 237.5}
N	SetMeasures success {72500d6e-de05-4083-af12-ace1450742d9 2024-04-06 22:05:01 +0000 UTC cosfi_2 -0.6649999619}
Y	Method update_lamp for user: admin@revetec.it and lamp: {\"ID\":\"a4fc8557-4bd8-4a07-956c-eb7b9e8a3caf\",\"CityID\":\"77c4ad76-9add-4b9f-9ca1-39d72c595534\",\"LightingpointID\":\"\",\"SwitchboardID\":\"2a2280db-c3c2-455b-9d96-7a07a55dc95c\",\"LineID\":\"\",\"Label\":\"pool 1\",\"Description\":\"\",\"Lamp_type\":\"\",\"Brand\":\"\",\"Model\":\"\",\"Insulation_class\":\"\",\"Lighting_category\":\"\",\"Protection_level\":\"\",\"Optics_type\":\"\",\"Fuse_type\":\"\",\"Node_type\":\"\",\"Node_serialnumber\":\"123\",\"Node_address\":1,\"Power\":0,\"Leaks\":0,\"Latitude\":32.28033266,\"Longitude\":34.86125095,\"Installation_date\":\"\",\"Note\":\"\",\"GatewayID\":\"\",\"GatewayLabel\":\"\",\"GatewayDescription\":\"\",\"SwitchboardLabel\":\"\",\"SwitchboardDescription\":\"\",\"LightingpointLabel\":\"\",\"LineLabel\":\"\",\"Thing\":null,\"Metadata\":{\"id\":4,\"modulatorId\":1,\"name\":\"pool 1\",\"src\":\"eneltecService\"}} took: 15.439718ms to complete without errors.
N	eneltecService, publishing lamp [{\"n\":\"lamp-state-rrt\",\"t\":1712441101,\"v\":1},{\"n\":\"dim\",\"u\":\"%\",\"t\":1712441101,\"v\":7}]
N	SetMeasures success {ada18571-b3ea-4cf9-8643-bd01cacb3992 2024-04-06 22:05:01 +0000 UTC lamp-state-rrt 1}
N	SetMeasures success {ada18571-b3ea-4cf9-8643-bd01cacb3992 2024-04-06 22:05:01 +0000 UTC lamp-state-rrt 1}
N	SetMeasures success {ada18571-b3ea-4cf9-8643-bd01cacb3992 2024-04-06 22:05:01 +0000 UTC lamp-state-rrt 1}
N	Method identify took 239.407µs to complete without errors.
N	Method consume took 3.587097ms to complete without errors.
N	SetMeasures success {ada18571-b3ea-4cf9-8643-bd01cacb3992 2024-04-06 22:05:01 +0000 UTC dim 7}
Y	Method list_lamps for user: admin@revetec.it, city_id 77c4ad76-9add-4b9f-9ca1-39d72c595534 and filters: {\"Search\":\"\",\"ID\":\"\",\"Type\":\"\",\"Label\":\"\",\"Description\":\"\",\"Username\":\"\",\"District\":\"\",\"Brand\":\"\",\"Model\":\"\",\"Support_type\":\"\",\"Node_serialnumber\":\"\",\"Ip_address\":\"\",\"Port\":\"\",\"Reverberi_plant_code\":\"\",\"Sensor_type\":\"\",\"Serialnumber\":\"\",\"Registration_number\":\"\",\"Meter_registration_number\":\"\",\"Pod\":\"\",\"Group_type\":\"\",\"CityID\":\"\",\"ProfileID\":\"\",\"GatewayID\":\"\",\"SwitchboardID\":\"\",\"LampID\":\"\",\"GroupID\":\"\",\"ThingID\":\"\",\"ThingType\":\"\",\"EntityID\":\"\",\"Entity\":\"\",\"Deleted\":\"\",\"Channel_code\":\"\",\"Channel_code_bit\":\"\",\"Alarm_code\":\"\",\"TemplateName\":\"\",\"State\":\"\",\"Field\":\"\",\"Order\":\"\",\"Offset\":0,\"Limit\":2,\"Zoom\":0,\"ZoomScale\":0,\"EnableCluster\":false,\"EnableLegend\":false,\"MapBounding\":{\"Point1\":{\"Latitude\":0,\"Longitude\":0},\"Point2\":{\"Latitude\":0,\"Longitude\":0}},\"PolylineFilter\":null,\"Layers\":null} took: 7.416001ms to complete without errors.
N	Method identify took 53.802µs to complete without errors.
Y	Method update_lamp for user: admin@revetec.it and lamp: {\"ID\":\"11aa965c-223c-4bb0-8b8f-7623420be606\",\"CityID\":\"77c4ad76-9add-4b9f-9ca1-39d72c595534\",\"LightingpointID\":\"\",\"SwitchboardID\":\"2a2280db-c3c2-455b-9d96-7a07a55dc95c\",\"LineID\":\"\",\"Label\":\"pool 2\",\"Description\":\"\",\"Lamp_type\":\"\",\"Brand\":\"\",\"Model\":\"\",\"Insulation_class\":\"\",\"Lighting_category\":\"\",\"Protection_level\":\"\",\"Optics_type\":\"\",\"Fuse_type\":\"\",\"Node_type\":\"\",\"Node_serialnumber\":\"124\",\"Node_address\":1,\"Power\":0,\"Leaks\":0,\"Latitude\":32.28030488,\"Longitude\":34.86139647,\"Installation_date\":\"\",\"Note\":\"\",\"GatewayID\":\"\",\"GatewayLabel\":\"\",\"GatewayDescription\":\"\",\"SwitchboardLabel\":\"\",\"SwitchboardDescription\":\"\",\"LightingpointLabel\":\"\",\"LineLabel\":\"\",\"Thing\":null,\"Metadata\":{\"id\":220,\"modulatorId\":1,\"name\":\"pool 2\",\"src\":\"eneltecService\"}} took: 12.17773ms to complete without errors.
N	eneltecService, publishing lamp [{\"n\":\"lamp-state-rrt\",\"t\":1712441101,\"v\":3},{\"n\":\"dim\",\"u\":\"%\",\"t\":1712441101,\"v\":0}]
N	Method identify took 77.502µs to complete without errors.
N	SetMeasures success {f8071323-758b-4274-a76f-b47940c5dccd 2024-04-06 22:05:01 +0000 UTC lamp-state-rrt 3}
N	SetMeasures success {f8071323-758b-4274-a76f-b47940c5dccd 2024-04-06 22:05:01 +0000 UTC lamp-state-rrt 3}
N	SetMeasures success {f8071323-758b-4274-a76f-b47940c5dccd 2024-04-06 22:05:01 +0000 UTC lamp-state-rrt 3}
N	SetMeasures success {f8071323-758b-4274-a76f-b47940c5dccd 2024-04-06 22:05:01 +0000 UTC dim 0}
N	Method consume took 3.834704ms to complete without errors.
Y	Method list_lamps for user: admin@revetec.it, city_id 77c4ad76-9add-4b9f-9ca1-39d72c595534 and filters: {\"Search\":\"\",\"ID\":\"\",\"Type\":\"\",\"Label\":\"\",\"Description\":\"\",\"Username\":\"\",\"District\":\"\",\"Brand\":\"\",\"Model\":\"\",\"Support_type\":\"\",\"Node_serialnumber\":\"\",\"Ip_address\":\"\",\"Port\":\"\",\"Reverberi_plant_code\":\"\",\"Sensor_type\":\"\",\"Serialnumber\":\"\",\"Registration_number\":\"\",\"Meter_registration_number\":\"\",\"Pod\":\"\",\"Group_type\":\"\",\"CityID\":\"\",\"ProfileID\":\"\",\"GatewayID\":\"\",\"SwitchboardID\":\"\",\"LampID\":\"\",\"GroupID\":\"\",\"ThingID\":\"\",\"ThingType\":\"\",\"EntityID\":\"\",\"Entity\":\"\",\"Deleted\":\"\",\"Channel_code\":\"\",\"Channel_code_bit\":\"\",\"Alarm_code\":\"\",\"TemplateName\":\"\",\"State\":\"\",\"Field\":\"\",\"Order\":\"\",\"Offset\":0,\"Limit\":2,\"Zoom\":0,\"ZoomScale\":0,\"EnableCluster\":false,\"EnableLegend\":false,\"MapBounding\":{\"Point1\":{\"Latitude\":0,\"Longitude\":0},\"Point2\":{\"Latitude\":0,\"Longitude\":0}},\"PolylineFilter\":null,\"Layers\":null} took: 5.934361ms to complete without errors.
N	Method identify took 54.902µs to complete without errors.
Y	Method update_lamp for user: admin@revetec.it and lamp: {\"ID\":\"f0e514b1-e02d-49e6-986a-355a972dc1fa\",\"CityID\":\"77c4ad76-9add-4b9f-9ca1-39d72c595534\",\"LightingpointID\":\"\",\"SwitchboardID\":\"2a2280db-c3c2-455b-9d96-7a07a55dc95c\",\"LineID\":\"\",\"Label\":\"pool 3\",\"Description\":\"\",\"Lamp_type\":\"\",\"Brand\":\"\",\"Model\":\"\",\"Insulation_class\":\"\",\"Lighting_category\":\"\",\"Protection_level\":\"\",\"Optics_type\":\"\",\"Fuse_type\":\"\",\"Node_type\":\"\",\"Node_serialnumber\":\"125\",\"Node_address\":1,\"Power\":0,\"Leaks\":0,\"Latitude\":32.2802788,\"Longitude\":34.86151113,\"Installation_date\":\"\",\"Note\":\"\",\"GatewayID\":\"\",\"GatewayLabel\":\"\",\"GatewayDescription\":\"\",\"SwitchboardLabel\":\"\",\"SwitchboardDescription\":\"\",\"LightingpointLabel\":\"\",\"LineLabel\":\"\",\"Thing\":null,\"Metadata\":{\"id\":74,\"modulatorId\":2,\"name\":\"pool 3\",\"src\":\"eneltecService\"}} took: 10.730991ms to complete without errors.
N	eneltecService, publishing lamp [{\"n\":\"dim\",\"u\":\"%\",\"t\":1712441101,\"v\":0},{\"n\":\"lamp-state-rrt\",\"t\":1712441101,\"v\":3}]
N	Method identify took 122.403µs to complete without errors.
N	SetMeasures success {a3d6b68a-425b-4c5a-8d5e-45106db2045e 2024-04-06 22:05:01 +0000 UTC lamp-state-rrt 3}
N	SetMeasures success {a3d6b68a-425b-4c5a-8d5e-45106db2045e 2024-04-06 22:05:01 +0000 UTC dim 0}
N	SetMeasures success {a3d6b68a-425b-4c5a-8d5e-45106db2045e 2024-04-06 22:05:01 +0000 UTC lamp-state-rrt 3}
N	SetMeasures success {a3d6b68a-425b-4c5a-8d5e-45106db2045e 2024-04-06 22:05:01 +0000 UTC lamp-state-rrt 3}
N	Method consume took 5.111839ms to complete without errors.
Y	Method list_lamps for user: admin@revetec.it, city_id 77c4ad76-9add-4b9f-9ca1-39d72c595534 and filters: {\"Search\":\"\",\"ID\":\"\",\"Type\":\"\",\"Label\":\"\",\"Description\":\"\",\"Username\":\"\",\"District\":\"\",\"Brand\":\"\",\"Model\":\"\",\"Support_type\":\"\",\"Node_serialnumber\":\"\",\"Ip_address\":\"\",\"Port\":\"\",\"Reverberi_plant_code\":\"\",\"Sensor_type\":\"\",\"Serialnumber\":\"\",\"Registration_number\":\"\",\"Meter_registration_number\":\"\",\"Pod\":\"\",\"Group_type\":\"\",\"CityID\":\"\",\"ProfileID\":\"\",\"GatewayID\":\"\",\"SwitchboardID\":\"\",\"LampID\":\"\",\"GroupID\":\"\",\"ThingID\":\"\",\"ThingType\":\"\",\"EntityID\":\"\",\"Entity\":\"\",\"Deleted\":\"\",\"Channel_code\":\"\",\"Channel_code_bit\":\"\",\"Alarm_code\":\"\",\"TemplateName\":\"\",\"State\":\"\",\"Field\":\"\",\"Order\":\"\",\"Offset\":0,\"Limit\":2,\"Zoom\":0,\"ZoomScale\":0,\"EnableCluster\":false,\"EnableLegend\":false,\"MapBounding\":{\"Point1\":{\"Latitude\":0,\"Longitude\":0},\"Point2\":{\"Latitude\":0,\"Longitude\":0}},\"PolylineFilter\":null,\"Layers\":null} took: 6.132866ms to complete without errors.
N	Method identify took 59.702µs to complete without errors.
Y	Method update_lamp for user: admin@revetec.it and lamp: {\"ID\":\"4adb8f3b-f281-43a8-9f4e-9e6c4981c3d9\",\"CityID\":\"77c4ad76-9add-4b9f-9ca1-39d72c595534\",\"LightingpointID\":\"\",\"SwitchboardID\":\"2a2280db-c3c2-455b-9d96-7a07a55dc95c\",\"LineID\":\"\",\"Label\":\"pool 4\",\"Description\":\"\",\"Lamp_type\":\"\",\"Brand\":\"\",\"Model\":\"\",\"Insulation_class\":\"\",\"Lighting_category\":\"\",\"Protection_level\":\"\",\"Optics_type\":\"\",\"Fuse_type\":\"\",\"Node_type\":\"\",\"Node_serialnumber\":\"126\",\"Node_address\":1,\"Power\":0,\"Leaks\":0,\"Latitude\":32.28025952,\"Longitude\":34.86161171,\"Installation_date\":\"\",\"Note\":\"\",\"GatewayID\":\"\",\"GatewayLabel\":\"\",\"GatewayDescription\":\"\",\"SwitchboardLabel\":\"\",\"SwitchboardDescription\":\"\",\"LightingpointLabel\":\"\",\"LineLabel\":\"\",\"Thing\":null,\"Metadata\":{\"id\":75,\"modulatorId\":2,\"name\":\"pool 4\",\"src\":\"eneltecService\"}} took: 12.623143ms to complete without errors.
N	eneltecService, publishing lamp [{\"n\":\"lamp-state-rrt\",\"t\":1712441101,\"v\":3},{\"n\":\"dim\",\"u\":\"%\",\"t\":1712441101,\"v\":0}]
N	SetMeasures success {704b302a-ff37-4257-b4c4-4601837c906f 2024-04-06 22:05:01 +0000 UTC lamp-state-rrt 3}
N	SetMeasures success {704b302a-ff37-4257-b4c4-4601837c906f 2024-04-06 22:05:01 +0000 UTC lamp-state-rrt 3}
N	Method identify took 69.302µs to complete without errors.
N	SetMeasures success {704b302a-ff37-4257-b4c4-4601837c906f 2024-04-06 22:05:01 +0000 UTC lamp-state-rrt 3}
N	SetMeasures success {704b302a-ff37-4257-b4c4-4601837c906f 2024-04-06 22:05:01 +0000 UTC dim 0}
N	Method consume took 3.874305ms to complete without errors.
N	messages.2.gz:Apr  7 00:05:03 ID24167 maestro3-inventories-redis|9c0fd23e5613[561]: 1:M 06 Apr 2024 22:05:03.327 * 100 changes in 300 seconds. Saving...
N	messages.2.gz:Apr  7 00:05:03 ID24167 maestro3-inventories-redis|9c0fd23e5613[561]: 1:M 06 Apr 2024 22:05:03.328 * Background saving started by pid 6299
Y	Method list_lamps for user: admin@revetec.it, city_id 77c4ad76-9add-4b9f-9ca1-39d72c595534 and filters: {\"Search\":\"\",\"ID\":\"\",\"Type\":\"\",\"Label\":\"\",\"Description\":\"\",\"Username\":\"\",\"District\":\"\",\"Brand\":\"\",\"Model\":\"\",\"Support_type\":\"\",\"Node_serialnumber\":\"\",\"Ip_address\":\"\",\"Port\":\"\",\"Reverberi_plant_code\":\"\",\"Sensor_type\":\"\",\"Serialnumber\":\"\",\"Registration_number\":\"\",\"Meter_registration_number\":\"\",\"Pod\":\"\",\"Group_type\":\"\",\"CityID\":\"\",\"ProfileID\":\"\",\"GatewayID\":\"\",\"SwitchboardID\":\"\",\"LampID\":\"\",\"GroupID\":\"\",\"ThingID\":\"\",\"ThingType\":\"\",\"EntityID\":\"\",\"Entity\":\"\",\"Deleted\":\"\",\"Channel_code\":\"\",\"Channel_code_bit\":\"\",\"Alarm_code\":\"\",\"TemplateName\":\"\",\"State\":\"\",\"Field\":\"\",\"Order\":\"\",\"Offset\":0,\"Limit\":2,\"Zoom\":0,\"ZoomScale\":0,\"EnableCluster\":false,\"EnableLegend\":false,\"MapBounding\":{\"Point1\":{\"Latitude\":0,\"Longitude\":0},\"Point2\":{\"Latitude\":0,\"Longitude\":0}},\"PolylineFilter\":null,\"Layers\":null} took: 11.959225ms to complete without errors.
N	Method identify took 70.702µs to complete without errors.
Y	Method update_lamp for user: admin@revetec.it and lamp: {\"ID\":\"1287a017-2bc3-4124-98a8-942cb80a321a\",\"CityID\":\"77c4ad76-9add-4b9f-9ca1-39d72c595534\",\"LightingpointID\":\"\",\"SwitchboardID\":\"2a2280db-c3c2-455b-9d96-7a07a55dc95c\",\"LineID\":\"\",\"Label\":\"pool 5\",\"Description\":\"\",\"Lamp_type\":\"\",\"Brand\":\"\",\"Model\":\"\",\"Insulation_class\":\"\",\"Lighting_category\":\"\",\"Protection_level\":\"\",\"Optics_type\":\"\",\"Fuse_type\":\"\",\"Node_type\":\"\",\"Node_serialnumber\":\"127\",\"Node_address\":1,\"Power\":0,\"Leaks\":0,\"Latitude\":32.28024422,\"Longitude\":34.8617076,\"Installation_date\":\"\",\"Note\":\"\",\"GatewayID\":\"\",\"GatewayLabel\":\"\",\"GatewayDescription\":\"\",\"SwitchboardLabel\":\"\",\"SwitchboardDescription\":\"\",\"LightingpointLabel\":\"\",\"LineLabel\":\"\",\"Thing\":null,\"Metadata\":{\"id\":3,\"modulatorId\":2,\"name\":\"pool 5\",\"src\":\"eneltecService\"}} took: 11.262606ms to complete without errors.
N	eneltecService, publishing lamp [{\"n\":\"lamp-state-rrt\",\"t\":1712441101,\"v\":1},{\"n\":\"dim\",\"u\":\"%\",\"t\":1712441101,\"v\":7}]
N	Method identify took 73.102µs to complete without errors.
N	SetMeasures success {dc080479-f1b2-4fbb-bd3f-3efae67345cb 2024-04-06 22:05:01 +0000 UTC lamp-state-rrt 1}
N	SetMeasures success {dc080479-f1b2-4fbb-bd3f-3efae67345cb 2024-04-06 22:05:01 +0000 UTC lamp-state-rrt 1}
N	SetMeasures success {dc080479-f1b2-4fbb-bd3f-3efae67345cb 2024-04-06 22:05:01 +0000 UTC lamp-state-rrt 1}
N	SetMeasures success {dc080479-f1b2-4fbb-bd3f-3efae67345cb 2024-04-06 22:05:01 +0000 UTC dim 7}
N	Method consume took 4.131412ms to complete without errors.
Y	Method list_lamps for user: admin@revetec.it, city_id 77c4ad76-9add-4b9f-9ca1-39d72c595534 and filters: {\"Search\":\"\",\"ID\":\"\",\"Type\":\"\",\"Label\":\"\",\"Description\":\"\",\"Username\":\"\",\"District\":\"\",\"Brand\":\"\",\"Model\":\"\",\"Support_type\":\"\",\"Node_serialnumber\":\"\",\"Ip_address\":\"\",\"Port\":\"\",\"Reverberi_plant_code\":\"\",\"Sensor_type\":\"\",\"Serialnumber\":\"\",\"Registration_number\":\"\",\"Meter_registration_number\":\"\",\"Pod\":\"\",\"Group_type\":\"\",\"CityID\":\"\",\"ProfileID\":\"\",\"GatewayID\":\"\",\"SwitchboardID\":\"\",\"LampID\":\"\",\"GroupID\":\"\",\"ThingID\":\"\",\"ThingType\":\"\",\"EntityID\":\"\",\"Entity\":\"\",\"Deleted\":\"\",\"Channel_code\":\"\",\"Channel_code_bit\":\"\",\"Alarm_code\":\"\",\"TemplateName\":\"\",\"State\":\"\",\"Field\":\"\",\"Order\":\"\",\"Offset\":0,\"Limit\":2,\"Zoom\":0,\"ZoomScale\":0,\"EnableCluster\":false,\"EnableLegend\":false,\"MapBounding\":{\"Point1\":{\"Latitude\":0,\"Longitude\":0},\"Point2\":{\"Latitude\":0,\"Longitude\":0}},\"PolylineFilter\":null,\"Layers\":null} took: 5.88236ms to complete without errors.
N	Method identify took 59.102µs to complete without errors.
Y	Method update_lamp for user: admin@revetec.it and lamp: {\"ID\":\"8817229b-5e13-45a5-9a8c-b3135537e2ac\",\"CityID\":\"77c4ad76-9add-4b9f-9ca1-39d72c595534\",\"LightingpointID\":\"\",\"SwitchboardID\":\"2a2280db-c3c2-455b-9d96-7a07a55dc95c\",\"LineID\":\"\",\"Label\":\"pool 6\",\"Description\":\"\",\"Lamp_type\":\"\",\"Brand\":\"\",\"Model\":\"\",\"Insulation_class\":\"\",\"Lighting_category\":\"\",\"Protection_level\":\"\",\"Optics_type\":\"\",\"Fuse_type\":\"\",\"Node_type\":\"\",\"Node_serialnumber\":\"128\",\"Node_address\":1,\"Power\":0,\"Leaks\":0,\"Latitude\":32.28021871,\"Longitude\":34.86181153,\"Installation_date\":\"\",\"Note\":\"\",\"GatewayID\":\"\",\"GatewayLabel\":\"\",\"GatewayDescription\":\"\",\"SwitchboardLabel\":\"\",\"SwitchboardDescription\":\"\",\"LightingpointLabel\":\"\",\"LineLabel\":\"\",\"Thing\":null,\"Metadata\":{\"id\":5,\"modulatorId\":3,\"name\":\"pool 6\",\"src\":\"eneltecService\"}} took: 15.237013ms to complete without errors.
N	eneltecService, publishing lamp [{\"n\":\"lamp-state-rrt\",\"t\":1712441101,\"v\":1},{\"n\":\"dim\",\"u\":\"%\",\"t\":1712441101,\"v\":7}]
N	SetMeasures success {d24225c0-1630-4536-a84f-807a2a7b960a 2024-04-06 22:05:01 +0000 UTC lamp-state-rrt 1}
N	Method identify took 73.502µs to complete without errors.
N	SetMeasures success {d24225c0-1630-4536-a84f-807a2a7b960a 2024-04-06 22:05:01 +0000 UTC lamp-state-rrt 1}
N	SetMeasures success {d24225c0-1630-4536-a84f-807a2a7b960a 2024-04-06 22:05:01 +0000 UTC lamp-state-rrt 1}
